Total PDF files to process: 1952
Starting to process PDF files in /lstr/sahara/datalab-ml/z1974769/cs_pap1_2015/
[info] welcome to sbt 1.7.1 (Red Hat, Inc. Java 1.8.0_322)
[info] loading settings for project pdffigures2-build-build-build from metals.sbt ...
[info] loading project definition from /lstr/sahara/datalab-ml/z1974769/pdffigures2/project/project/project
[info] loading settings for project pdffigures2-build-build from metals.sbt ...
[info] loading project definition from /lstr/sahara/datalab-ml/z1974769/pdffigures2/project/project
[success] Generated .bloop/pdffigures2-build-build.json
[success] Total time: 2 s, completed Apr 15, 2024 10:03:19 PM
[info] loading settings for project pdffigures2-build from metals.sbt,plugins.sbt ...
[info] loading project definition from /lstr/sahara/datalab-ml/z1974769/pdffigures2/project
[success] Generated .bloop/pdffigures2-build.json
[success] Total time: 1 s, completed Apr 15, 2024 10:03:20 PM
[info] loading settings for project root from build.sbt ...
[info] set current project to pdffigures2 (in build file:/lstr/sahara/datalab-ml/z1974769/pdffigures2/)
[info] compiling 25 Scala sources and 1 Java source to /lstr/sahara/datalab-ml/z1974769/pdffigures2/target/scala-2.12/classes ...
[warn] one deprecation (since 2.12.0); re-run with -deprecation for details
[warn] one warning found
[warn] javac exited with exit code -1
[error] ## Exception when compiling 26 sources to /lstr/sahara/datalab-ml/z1974769/pdffigures2/target/scala-2.12/classes
[error] java.io.IOException: Cannot run program "javac" (in directory "/lstr/sahara/datalab-ml/z1974769/pdffigures2"): error=2, No such file or directory
[error] java.lang.ProcessBuilder.start(ProcessBuilder.java:1048)
[error] scala.sys.process.ProcessBuilderImpl$Simple.run(ProcessBuilderImpl.scala:75)
[error] scala.sys.process.ProcessBuilderImpl$AbstractBuilder.run(ProcessBuilderImpl.scala:106)
[error] scala.sys.process.ProcessBuilderImpl$AbstractBuilder.$anonfun$runBuffered$1(ProcessBuilderImpl.scala:154)
[error] scala.runtime.java8.JFunction0$mcI$sp.apply(JFunction0$mcI$sp.java:23)
[error] sbt.internal.inc.javac.JavacLogger.buffer(JavacProcessLogger.scala:49)
[error] scala.sys.process.ProcessBuilderImpl$AbstractBuilder.runBuffered(ProcessBuilderImpl.scala:154)
[error] scala.sys.process.ProcessBuilderImpl$AbstractBuilder.$bang(ProcessBuilderImpl.scala:120)
[error] sbt.internal.inc.javac.ForkedJava$.$anonfun$launch$3(ForkedJava.scala:55)
[error] sbt.internal.inc.javac.ForkedJava$.$anonfun$launch$3$adapted(ForkedJava.scala:48)
[error] sbt.internal.inc.javac.ForkedJava$.$anonfun$withArgumentFile$1(ForkedJava.scala:77)
[error] sbt.io.IO$.withTemporaryDirectory(IO.scala:490)
[error] sbt.io.IO$.withTemporaryDirectory(IO.scala:500)
[error] sbt.internal.inc.javac.ForkedJava$.withArgumentFile(ForkedJava.scala:74)
[error] sbt.internal.inc.javac.ForkedJava$.launch(ForkedJava.scala:48)
[error] sbt.internal.inc.javac.ForkedJavaCompiler.run(ForkedJava.scala:103)
[error] sbt.internal.inc.javac.AnalyzingJavaCompiler.$anonfun$compile$12(AnalyzingJavaCompiler.scala:172)
[error] scala.runtime.java8.JFunction0$mcV$sp.apply(JFunction0$mcV$sp.java:23)
[error] sbt.internal.inc.javac.AnalyzingJavaCompiler.timed(AnalyzingJavaCompiler.scala:262)
[error] sbt.internal.inc.javac.AnalyzingJavaCompiler.compile(AnalyzingJavaCompiler.scala:161)
[error] sbt.internal.inc.MixedAnalyzingCompiler.$anonfun$compileJava$2(MixedAnalyzingCompiler.scala:103)
[error] sbt.internal.inc.MixedAnalyzingCompiler.$anonfun$compileJava$2$adapted(MixedAnalyzingCompiler.scala:91)
[error] sbt.internal.inc.JarUtils$.withPreviousJar(JarUtils.scala:239)
[error] sbt.internal.inc.MixedAnalyzingCompiler.$anonfun$compileJava$1(MixedAnalyzingCompiler.scala:91)
[error] scala.runtime.java8.JFunction0$mcV$sp.apply(JFunction0$mcV$sp.java:23)
[error] sbt.internal.inc.MixedAnalyzingCompiler.timed(MixedAnalyzingCompiler.scala:248)
[error] sbt.internal.inc.MixedAnalyzingCompiler.compileJava(MixedAnalyzingCompiler.scala:61)
[error] sbt.internal.inc.MixedAnalyzingCompiler.compileJava0$1(MixedAnalyzingCompiler.scala:198)
[error] sbt.internal.inc.MixedAnalyzingCompiler.compile(MixedAnalyzingCompiler.scala:211)
[error] sbt.internal.inc.IncrementalCompilerImpl.$anonfun$compileInternal$1(IncrementalCompilerImpl.scala:534)
[error] sbt.internal.inc.IncrementalCompilerImpl.$anonfun$compileInternal$1$adapted(IncrementalCompilerImpl.scala:534)
[error] sbt.internal.inc.Incremental$.$anonfun$apply$5(Incremental.scala:179)
[error] sbt.internal.inc.Incremental$.$anonfun$apply$5$adapted(Incremental.scala:177)
[error] sbt.internal.inc.Incremental$$anon$2.run(Incremental.scala:463)
[error] sbt.internal.inc.IncrementalCommon$CycleState.next(IncrementalCommon.scala:116)
[error] sbt.internal.inc.IncrementalCommon$$anon$1.next(IncrementalCommon.scala:56)
[error] sbt.internal.inc.IncrementalCommon$$anon$1.next(IncrementalCommon.scala:52)
[error] sbt.internal.inc.IncrementalCommon.cycle(IncrementalCommon.scala:263)
[error] sbt.internal.inc.Incremental$.$anonfun$incrementalCompile$8(Incremental.scala:418)
[error] sbt.internal.inc.Incremental$.withClassfileManager(Incremental.scala:506)
[error] sbt.internal.inc.Incremental$.incrementalCompile(Incremental.scala:405)
[error] sbt.internal.inc.Incremental$.apply(Incremental.scala:171)
[error] sbt.internal.inc.IncrementalCompilerImpl.compileInternal(IncrementalCompilerImpl.scala:534)
[error] sbt.internal.inc.IncrementalCompilerImpl.$anonfun$compileIncrementally$1(IncrementalCompilerImpl.scala:488)
[error] sbt.internal.inc.IncrementalCompilerImpl.handleCompilationError(IncrementalCompilerImpl.scala:332)
[error] sbt.internal.inc.IncrementalCompilerImpl.compileIncrementally(IncrementalCompilerImpl.scala:425)
[error] sbt.internal.inc.IncrementalCompilerImpl.compile(IncrementalCompilerImpl.scala:137)
[error] sbt.Defaults$.compileIncrementalTaskImpl(Defaults.scala:2364)
[error] sbt.Defaults$.$anonfun$compileIncrementalTask$2(Defaults.scala:2314)
[error] sbt.internal.server.BspCompileTask$.$anonfun$compute$1(BspCompileTask.scala:30)
[error] sbt.internal.io.Retry$.apply(Retry.scala:46)
[error] sbt.internal.io.Retry$.apply(Retry.scala:28)
[error] sbt.internal.io.Retry$.apply(Retry.scala:23)
[error] sbt.internal.server.BspCompileTask$.compute(BspCompileTask.scala:30)
[error] sbt.Defaults$.$anonfun$compileIncrementalTask$1(Defaults.scala:2312)
[error] scala.Function1.$anonfun$compose$1(Function1.scala:49)
[error] sbt.internal.util.$tilde$greater.$anonfun$$u2219$1(TypeFunctions.scala:62)
[error] sbt.std.Transform$$anon$4.work(Transform.scala:68)
[error] sbt.Execute.$anonfun$submit$2(Execute.scala:282)
[error] sbt.internal.util.ErrorHandling$.wideConvert(ErrorHandling.scala:23)
[error] sbt.Execute.work(Execute.scala:291)
[error] sbt.Execute.$anonfun$submit$1(Execute.scala:282)
[error] sbt.ConcurrentRestrictions$$anon$4.$anonfun$submitValid$1(ConcurrentRestrictions.scala:265)
[error] sbt.CompletionService$$anon$2.call(CompletionService.scala:64)
[error] java.util.concurrent.FutureTask.run(FutureTask.java:266)
[error] java.util.concurrent.Executors$RunnableAdapter.call(Executors.java:511)
[error] java.util.concurrent.FutureTask.run(FutureTask.java:266)
[error] java.util.concurrent.ThreadPoolExecutor.runWorker(ThreadPoolExecutor.java:1149)
[error] java.util.concurrent.ThreadPoolExecutor$Worker.run(ThreadPoolExecutor.java:624)
[error] java.lang.Thread.run(Thread.java:750)
[error]            
[info] compiling 25 Scala sources and 1 Java source to /lstr/sahara/datalab-ml/z1974769/pdffigures2/target/scala-2.12/classes ...
[warn] one deprecation (since 2.12.0); re-run with -deprecation for details
[warn] one warning found
[warn] javac exited with exit code -1
[error] ## Exception when compiling 26 sources to /lstr/sahara/datalab-ml/z1974769/pdffigures2/target/scala-2.12/classes
[error] java.io.IOException: Cannot run program "javac" (in directory "/lstr/sahara/datalab-ml/z1974769/pdffigures2"): error=2, No such file or directory
[error] java.lang.ProcessBuilder.start(ProcessBuilder.java:1048)
[error] scala.sys.process.ProcessBuilderImpl$Simple.run(ProcessBuilderImpl.scala:75)
[error] scala.sys.process.ProcessBuilderImpl$AbstractBuilder.run(ProcessBuilderImpl.scala:106)
[error] scala.sys.process.ProcessBuilderImpl$AbstractBuilder.$anonfun$runBuffered$1(ProcessBuilderImpl.scala:154)
[error] scala.runtime.java8.JFunction0$mcI$sp.apply(JFunction0$mcI$sp.java:23)
[error] sbt.internal.inc.javac.JavacLogger.buffer(JavacProcessLogger.scala:49)
[error] scala.sys.process.ProcessBuilderImpl$AbstractBuilder.runBuffered(ProcessBuilderImpl.scala:154)
[error] scala.sys.process.ProcessBuilderImpl$AbstractBuilder.$bang(ProcessBuilderImpl.scala:120)
[error] sbt.internal.inc.javac.ForkedJava$.$anonfun$launch$3(ForkedJava.scala:55)
[error] sbt.internal.inc.javac.ForkedJava$.$anonfun$launch$3$adapted(ForkedJava.scala:48)
[error] sbt.internal.inc.javac.ForkedJava$.$anonfun$withArgumentFile$1(ForkedJava.scala:77)
[error] sbt.io.IO$.withTemporaryDirectory(IO.scala:490)
[error] sbt.io.IO$.withTemporaryDirectory(IO.scala:500)
[error] sbt.internal.inc.javac.ForkedJava$.withArgumentFile(ForkedJava.scala:74)
[error] sbt.internal.inc.javac.ForkedJava$.launch(ForkedJava.scala:48)
[error] sbt.internal.inc.javac.ForkedJavaCompiler.run(ForkedJava.scala:103)
[error] sbt.internal.inc.javac.AnalyzingJavaCompiler.$anonfun$compile$12(AnalyzingJavaCompiler.scala:172)
[error] scala.runtime.java8.JFunction0$mcV$sp.apply(JFunction0$mcV$sp.java:23)
[error] sbt.internal.inc.javac.AnalyzingJavaCompiler.timed(AnalyzingJavaCompiler.scala:262)
[error] sbt.internal.inc.javac.AnalyzingJavaCompiler.compile(AnalyzingJavaCompiler.scala:161)
[error] sbt.internal.inc.MixedAnalyzingCompiler.$anonfun$compileJava$2(MixedAnalyzingCompiler.scala:103)
[error] sbt.internal.inc.MixedAnalyzingCompiler.$anonfun$compileJava$2$adapted(MixedAnalyzingCompiler.scala:91)
[error] sbt.internal.inc.JarUtils$.withPreviousJar(JarUtils.scala:239)
[error] sbt.internal.inc.MixedAnalyzingCompiler.$anonfun$compileJava$1(MixedAnalyzingCompiler.scala:91)
[error] scala.runtime.java8.JFunction0$mcV$sp.apply(JFunction0$mcV$sp.java:23)
[error] sbt.internal.inc.MixedAnalyzingCompiler.timed(MixedAnalyzingCompiler.scala:248)
[error] sbt.internal.inc.MixedAnalyzingCompiler.compileJava(MixedAnalyzingCompiler.scala:61)
[error] sbt.internal.inc.MixedAnalyzingCompiler.compileJava0$1(MixedAnalyzingCompiler.scala:198)
[error] sbt.internal.inc.MixedAnalyzingCompiler.compile(MixedAnalyzingCompiler.scala:211)
[error] sbt.internal.inc.IncrementalCompilerImpl.$anonfun$compileInternal$1(IncrementalCompilerImpl.scala:534)
[error] sbt.internal.inc.IncrementalCompilerImpl.$anonfun$compileInternal$1$adapted(IncrementalCompilerImpl.scala:534)
[error] sbt.internal.inc.Incremental$.$anonfun$apply$5(Incremental.scala:179)
[error] sbt.internal.inc.Incremental$.$anonfun$apply$5$adapted(Incremental.scala:177)
[error] sbt.internal.inc.Incremental$$anon$2.run(Incremental.scala:463)
[error] sbt.internal.inc.IncrementalCommon$CycleState.next(IncrementalCommon.scala:116)
[error] sbt.internal.inc.IncrementalCommon$$anon$1.next(IncrementalCommon.scala:56)
[error] sbt.internal.inc.IncrementalCommon$$anon$1.next(IncrementalCommon.scala:52)
[error] sbt.internal.inc.IncrementalCommon.cycle(IncrementalCommon.scala:263)
[error] sbt.internal.inc.Incremental$.$anonfun$incrementalCompile$8(Incremental.scala:418)
[error] sbt.internal.inc.Incremental$.withClassfileManager(Incremental.scala:506)
[error] sbt.internal.inc.Incremental$.incrementalCompile(Incremental.scala:405)
[error] sbt.internal.inc.Incremental$.apply(Incremental.scala:171)
[error] sbt.internal.inc.IncrementalCompilerImpl.compileInternal(IncrementalCompilerImpl.scala:534)
[error] sbt.internal.inc.IncrementalCompilerImpl.$anonfun$compileIncrementally$1(IncrementalCompilerImpl.scala:488)
[error] sbt.internal.inc.IncrementalCompilerImpl.handleCompilationError(IncrementalCompilerImpl.scala:332)
[error] sbt.internal.inc.IncrementalCompilerImpl.compileIncrementally(IncrementalCompilerImpl.scala:425)
[error] sbt.internal.inc.IncrementalCompilerImpl.compile(IncrementalCompilerImpl.scala:137)
[error] sbt.Defaults$.compileIncrementalTaskImpl(Defaults.scala:2364)
[error] sbt.Defaults$.$anonfun$compileIncrementalTask$2(Defaults.scala:2314)
[error] sbt.internal.server.BspCompileTask$.$anonfun$compute$1(BspCompileTask.scala:30)
[error] sbt.internal.io.Retry$.apply(Retry.scala:46)
[error] sbt.internal.io.Retry$.apply(Retry.scala:28)
[error] sbt.internal.io.Retry$.apply(Retry.scala:23)
[error] sbt.internal.server.BspCompileTask$.compute(BspCompileTask.scala:30)
[error] sbt.Defaults$.$anonfun$compileIncrementalTask$1(Defaults.scala:2312)
[error] scala.Function1.$anonfun$compose$1(Function1.scala:49)
[error] sbt.internal.util.$tilde$greater.$anonfun$$u2219$1(TypeFunctions.scala:62)
[error] sbt.std.Transform$$anon$4.work(Transform.scala:68)
[error] sbt.Execute.$anonfun$submit$2(Execute.scala:282)
[error] sbt.internal.util.ErrorHandling$.wideConvert(ErrorHandling.scala:23)
[error] sbt.Execute.work(Execute.scala:291)
[error] sbt.Execute.$anonfun$submit$1(Execute.scala:282)
[error] sbt.ConcurrentRestrictions$$anon$4.$anonfun$submitValid$1(ConcurrentRestrictions.scala:265)
[error] sbt.CompletionService$$anon$2.call(CompletionService.scala:64)
[error] java.util.concurrent.FutureTask.run(FutureTask.java:266)
[error] java.util.concurrent.Executors$RunnableAdapter.call(Executors.java:511)
[error] java.util.concurrent.FutureTask.run(FutureTask.java:266)
[error] java.util.concurrent.ThreadPoolExecutor.runWorker(ThreadPoolExecutor.java:1149)
[error] java.util.concurrent.ThreadPoolExecutor$Worker.run(ThreadPoolExecutor.java:624)
[error] java.lang.Thread.run(Thread.java:750)
[error]            
[info] compiling 25 Scala sources and 1 Java source to /lstr/sahara/datalab-ml/z1974769/pdffigures2/target/scala-2.12/classes ...
[warn] one deprecation (since 2.12.0); re-run with -deprecation for details
[warn] one warning found
[warn] javac exited with exit code -1
[error] ## Exception when compiling 26 sources to /lstr/sahara/datalab-ml/z1974769/pdffigures2/target/scala-2.12/classes
[error] java.io.IOException: Cannot run program "javac" (in directory "/lstr/sahara/datalab-ml/z1974769/pdffigures2"): error=2, No such file or directory
[error] java.lang.ProcessBuilder.start(ProcessBuilder.java:1048)
[error] scala.sys.process.ProcessBuilderImpl$Simple.run(ProcessBuilderImpl.scala:75)
[error] scala.sys.process.ProcessBuilderImpl$AbstractBuilder.run(ProcessBuilderImpl.scala:106)
[error] scala.sys.process.ProcessBuilderImpl$AbstractBuilder.$anonfun$runBuffered$1(ProcessBuilderImpl.scala:154)
[error] scala.runtime.java8.JFunction0$mcI$sp.apply(JFunction0$mcI$sp.java:23)
[error] sbt.internal.inc.javac.JavacLogger.buffer(JavacProcessLogger.scala:49)
[error] scala.sys.process.ProcessBuilderImpl$AbstractBuilder.runBuffered(ProcessBuilderImpl.scala:154)
[error] scala.sys.process.ProcessBuilderImpl$AbstractBuilder.$bang(ProcessBuilderImpl.scala:120)
[error] sbt.internal.inc.javac.ForkedJava$.$anonfun$launch$3(ForkedJava.scala:55)
[error] sbt.internal.inc.javac.ForkedJava$.$anonfun$launch$3$adapted(ForkedJava.scala:48)
[error] sbt.internal.inc.javac.ForkedJava$.$anonfun$withArgumentFile$1(ForkedJava.scala:77)
[error] sbt.io.IO$.withTemporaryDirectory(IO.scala:490)
[error] sbt.io.IO$.withTemporaryDirectory(IO.scala:500)
[error] sbt.internal.inc.javac.ForkedJava$.withArgumentFile(ForkedJava.scala:74)
[error] sbt.internal.inc.javac.ForkedJava$.launch(ForkedJava.scala:48)
[error] sbt.internal.inc.javac.ForkedJavaCompiler.run(ForkedJava.scala:103)
[error] sbt.internal.inc.javac.AnalyzingJavaCompiler.$anonfun$compile$12(AnalyzingJavaCompiler.scala:172)
[error] scala.runtime.java8.JFunction0$mcV$sp.apply(JFunction0$mcV$sp.java:23)
[error] sbt.internal.inc.javac.AnalyzingJavaCompiler.timed(AnalyzingJavaCompiler.scala:262)
[error] sbt.internal.inc.javac.AnalyzingJavaCompiler.compile(AnalyzingJavaCompiler.scala:161)
[error] sbt.internal.inc.MixedAnalyzingCompiler.$anonfun$compileJava$2(MixedAnalyzingCompiler.scala:103)
[error] sbt.internal.inc.MixedAnalyzingCompiler.$anonfun$compileJava$2$adapted(MixedAnalyzingCompiler.scala:91)
[error] sbt.internal.inc.JarUtils$.withPreviousJar(JarUtils.scala:239)
[error] sbt.internal.inc.MixedAnalyzingCompiler.$anonfun$compileJava$1(MixedAnalyzingCompiler.scala:91)
[error] scala.runtime.java8.JFunction0$mcV$sp.apply(JFunction0$mcV$sp.java:23)
[error] sbt.internal.inc.MixedAnalyzingCompiler.timed(MixedAnalyzingCompiler.scala:248)
[error] sbt.internal.inc.MixedAnalyzingCompiler.compileJava(MixedAnalyzingCompiler.scala:61)
[error] sbt.internal.inc.MixedAnalyzingCompiler.compileJava0$1(MixedAnalyzingCompiler.scala:198)
[error] sbt.internal.inc.MixedAnalyzingCompiler.compile(MixedAnalyzingCompiler.scala:211)
[error] sbt.internal.inc.IncrementalCompilerImpl.$anonfun$compileInternal$1(IncrementalCompilerImpl.scala:534)
[error] sbt.internal.inc.IncrementalCompilerImpl.$anonfun$compileInternal$1$adapted(IncrementalCompilerImpl.scala:534)
[error] sbt.internal.inc.Incremental$.$anonfun$apply$5(Incremental.scala:179)
[error] sbt.internal.inc.Incremental$.$anonfun$apply$5$adapted(Incremental.scala:177)
[error] sbt.internal.inc.Incremental$$anon$2.run(Incremental.scala:463)
[error] sbt.internal.inc.IncrementalCommon$CycleState.next(IncrementalCommon.scala:116)
[error] sbt.internal.inc.IncrementalCommon$$anon$1.next(IncrementalCommon.scala:56)
[error] sbt.internal.inc.IncrementalCommon$$anon$1.next(IncrementalCommon.scala:52)
[error] sbt.internal.inc.IncrementalCommon.cycle(IncrementalCommon.scala:263)
[error] sbt.internal.inc.Incremental$.$anonfun$incrementalCompile$8(Incremental.scala:418)
[error] sbt.internal.inc.Incremental$.withClassfileManager(Incremental.scala:506)
[error] sbt.internal.inc.Incremental$.incrementalCompile(Incremental.scala:405)
[error] sbt.internal.inc.Incremental$.apply(Incremental.scala:171)
[error] sbt.internal.inc.IncrementalCompilerImpl.compileInternal(IncrementalCompilerImpl.scala:534)
[error] sbt.internal.inc.IncrementalCompilerImpl.$anonfun$compileIncrementally$1(IncrementalCompilerImpl.scala:488)
[error] sbt.internal.inc.IncrementalCompilerImpl.handleCompilationError(IncrementalCompilerImpl.scala:332)
[error] sbt.internal.inc.IncrementalCompilerImpl.compileIncrementally(IncrementalCompilerImpl.scala:425)
[error] sbt.internal.inc.IncrementalCompilerImpl.compile(IncrementalCompilerImpl.scala:137)
[error] sbt.Defaults$.compileIncrementalTaskImpl(Defaults.scala:2364)
[error] sbt.Defaults$.$anonfun$compileIncrementalTask$2(Defaults.scala:2314)
[error] sbt.internal.server.BspCompileTask$.$anonfun$compute$1(BspCompileTask.scala:30)
[error] sbt.internal.io.Retry$.apply(Retry.scala:46)
[error] sbt.internal.io.Retry$.apply(Retry.scala:28)
[error] sbt.internal.io.Retry$.apply(Retry.scala:23)
[error] sbt.internal.server.BspCompileTask$.compute(BspCompileTask.scala:30)
[error] sbt.Defaults$.$anonfun$compileIncrementalTask$1(Defaults.scala:2312)
[error] scala.Function1.$anonfun$compose$1(Function1.scala:49)
[error] sbt.internal.util.$tilde$greater.$anonfun$$u2219$1(TypeFunctions.scala:62)
[error] sbt.std.Transform$$anon$4.work(Transform.scala:68)
[error] sbt.Execute.$anonfun$submit$2(Execute.scala:282)
[error] sbt.internal.util.ErrorHandling$.wideConvert(ErrorHandling.scala:23)
[error] sbt.Execute.work(Execute.scala:291)
[error] sbt.Execute.$anonfun$submit$1(Execute.scala:282)
[error] sbt.ConcurrentRestrictions$$anon$4.$anonfun$submitValid$1(ConcurrentRestrictions.scala:265)
[error] sbt.CompletionService$$anon$2.call(CompletionService.scala:64)
[error] java.util.concurrent.FutureTask.run(FutureTask.java:266)
[error] java.util.concurrent.Executors$RunnableAdapter.call(Executors.java:511)
[error] java.util.concurrent.FutureTask.run(FutureTask.java:266)
[error] java.util.concurrent.ThreadPoolExecutor.runWorker(ThreadPoolExecutor.java:1149)
[error] java.util.concurrent.ThreadPoolExecutor$Worker.run(ThreadPoolExecutor.java:624)
[error] java.lang.Thread.run(Thread.java:750)
[error]            
[info] compiling 25 Scala sources and 1 Java source to /lstr/sahara/datalab-ml/z1974769/pdffigures2/target/scala-2.12/classes ...
[warn] one deprecation (since 2.12.0); re-run with -deprecation for details
[warn] one warning found
[warn] javac exited with exit code -1
[error] ## Exception when compiling 26 sources to /lstr/sahara/datalab-ml/z1974769/pdffigures2/target/scala-2.12/classes
[error] java.io.IOException: Cannot run program "javac" (in directory "/lstr/sahara/datalab-ml/z1974769/pdffigures2"): error=2, No such file or directory
[error] java.lang.ProcessBuilder.start(ProcessBuilder.java:1048)
[error] scala.sys.process.ProcessBuilderImpl$Simple.run(ProcessBuilderImpl.scala:75)
[error] scala.sys.process.ProcessBuilderImpl$AbstractBuilder.run(ProcessBuilderImpl.scala:106)
[error] scala.sys.process.ProcessBuilderImpl$AbstractBuilder.$anonfun$runBuffered$1(ProcessBuilderImpl.scala:154)
[error] scala.runtime.java8.JFunction0$mcI$sp.apply(JFunction0$mcI$sp.java:23)
[error] sbt.internal.inc.javac.JavacLogger.buffer(JavacProcessLogger.scala:49)
[error] scala.sys.process.ProcessBuilderImpl$AbstractBuilder.runBuffered(ProcessBuilderImpl.scala:154)
[error] scala.sys.process.ProcessBuilderImpl$AbstractBuilder.$bang(ProcessBuilderImpl.scala:120)
[error] sbt.internal.inc.javac.ForkedJava$.$anonfun$launch$3(ForkedJava.scala:55)
[error] sbt.internal.inc.javac.ForkedJava$.$anonfun$launch$3$adapted(ForkedJava.scala:48)
[error] sbt.internal.inc.javac.ForkedJava$.$anonfun$withArgumentFile$1(ForkedJava.scala:77)
[error] sbt.io.IO$.withTemporaryDirectory(IO.scala:490)
[error] sbt.io.IO$.withTemporaryDirectory(IO.scala:500)
[error] sbt.internal.inc.javac.ForkedJava$.withArgumentFile(ForkedJava.scala:74)
[error] sbt.internal.inc.javac.ForkedJava$.launch(ForkedJava.scala:48)
[error] sbt.internal.inc.javac.ForkedJavaCompiler.run(ForkedJava.scala:103)
[error] sbt.internal.inc.javac.AnalyzingJavaCompiler.$anonfun$compile$12(AnalyzingJavaCompiler.scala:172)
[error] scala.runtime.java8.JFunction0$mcV$sp.apply(JFunction0$mcV$sp.java:23)
[error] sbt.internal.inc.javac.AnalyzingJavaCompiler.timed(AnalyzingJavaCompiler.scala:262)
[error] sbt.internal.inc.javac.AnalyzingJavaCompiler.compile(AnalyzingJavaCompiler.scala:161)
[error] sbt.internal.inc.MixedAnalyzingCompiler.$anonfun$compileJava$2(MixedAnalyzingCompiler.scala:103)
[error] sbt.internal.inc.MixedAnalyzingCompiler.$anonfun$compileJava$2$adapted(MixedAnalyzingCompiler.scala:91)
[error] sbt.internal.inc.JarUtils$.withPreviousJar(JarUtils.scala:239)
[error] sbt.internal.inc.MixedAnalyzingCompiler.$anonfun$compileJava$1(MixedAnalyzingCompiler.scala:91)
[error] scala.runtime.java8.JFunction0$mcV$sp.apply(JFunction0$mcV$sp.java:23)
[error] sbt.internal.inc.MixedAnalyzingCompiler.timed(MixedAnalyzingCompiler.scala:248)
[error] sbt.internal.inc.MixedAnalyzingCompiler.compileJava(MixedAnalyzingCompiler.scala:61)
[error] sbt.internal.inc.MixedAnalyzingCompiler.compileJava0$1(MixedAnalyzingCompiler.scala:198)
[error] sbt.internal.inc.MixedAnalyzingCompiler.compile(MixedAnalyzingCompiler.scala:211)
[error] sbt.internal.inc.IncrementalCompilerImpl.$anonfun$compileInternal$1(IncrementalCompilerImpl.scala:534)
[error] sbt.internal.inc.IncrementalCompilerImpl.$anonfun$compileInternal$1$adapted(IncrementalCompilerImpl.scala:534)
[error] sbt.internal.inc.Incremental$.$anonfun$apply$5(Incremental.scala:179)
[error] sbt.internal.inc.Incremental$.$anonfun$apply$5$adapted(Incremental.scala:177)
[error] sbt.internal.inc.Incremental$$anon$2.run(Incremental.scala:463)
[error] sbt.internal.inc.IncrementalCommon$CycleState.next(IncrementalCommon.scala:116)
[error] sbt.internal.inc.IncrementalCommon$$anon$1.next(IncrementalCommon.scala:56)
[error] sbt.internal.inc.IncrementalCommon$$anon$1.next(IncrementalCommon.scala:52)
[error] sbt.internal.inc.IncrementalCommon.cycle(IncrementalCommon.scala:263)
[error] sbt.internal.inc.Incremental$.$anonfun$incrementalCompile$8(Incremental.scala:418)
[error] sbt.internal.inc.Incremental$.withClassfileManager(Incremental.scala:506)
[error] sbt.internal.inc.Incremental$.incrementalCompile(Incremental.scala:405)
[error] sbt.internal.inc.Incremental$.apply(Incremental.scala:171)
[error] sbt.internal.inc.IncrementalCompilerImpl.compileInternal(IncrementalCompilerImpl.scala:534)
[error] sbt.internal.inc.IncrementalCompilerImpl.$anonfun$compileIncrementally$1(IncrementalCompilerImpl.scala:488)
[error] sbt.internal.inc.IncrementalCompilerImpl.handleCompilationError(IncrementalCompilerImpl.scala:332)
[error] sbt.internal.inc.IncrementalCompilerImpl.compileIncrementally(IncrementalCompilerImpl.scala:425)
[error] sbt.internal.inc.IncrementalCompilerImpl.compile(IncrementalCompilerImpl.scala:137)
[error] sbt.Defaults$.compileIncrementalTaskImpl(Defaults.scala:2364)
[error] sbt.Defaults$.$anonfun$compileIncrementalTask$2(Defaults.scala:2314)
[error] sbt.internal.server.BspCompileTask$.$anonfun$compute$1(BspCompileTask.scala:30)
[error] sbt.internal.io.Retry$.apply(Retry.scala:46)
[error] sbt.internal.io.Retry$.apply(Retry.scala:28)
[error] sbt.internal.io.Retry$.apply(Retry.scala:23)
[error] sbt.internal.server.BspCompileTask$.compute(BspCompileTask.scala:30)
[error] sbt.Defaults$.$anonfun$compileIncrementalTask$1(Defaults.scala:2312)
[error] scala.Function1.$anonfun$compose$1(Function1.scala:49)
[error] sbt.internal.util.$tilde$greater.$anonfun$$u2219$1(TypeFunctions.scala:62)
[error] sbt.std.Transform$$anon$4.work(Transform.scala:68)
[error] sbt.Execute.$anonfun$submit$2(Execute.scala:282)
[error] sbt.internal.util.ErrorHandling$.wideConvert(ErrorHandling.scala:23)
[error] sbt.Execute.work(Execute.scala:291)
[error] sbt.Execute.$anonfun$submit$1(Execute.scala:282)
[error] sbt.ConcurrentRestrictions$$anon$4.$anonfun$submitValid$1(ConcurrentRestrictions.scala:265)
[error] sbt.CompletionService$$anon$2.call(CompletionService.scala:64)
[error] java.util.concurrent.FutureTask.run(FutureTask.java:266)
[error] java.util.concurrent.Executors$RunnableAdapter.call(Executors.java:511)
[error] java.util.concurrent.FutureTask.run(FutureTask.java:266)
[error] java.util.concurrent.ThreadPoolExecutor.runWorker(ThreadPoolExecutor.java:1149)
[error] java.util.concurrent.ThreadPoolExecutor$Worker.run(ThreadPoolExecutor.java:624)
[error] java.lang.Thread.run(Thread.java:750)
[error]            
[info] compiling 25 Scala sources and 1 Java source to /lstr/sahara/datalab-ml/z1974769/pdffigures2/target/scala-2.12/classes ...
[warn] one deprecation (since 2.12.0); re-run with -deprecation for details
[warn] one warning found
[warn] javac exited with exit code -1
[error] ## Exception when compiling 26 sources to /lstr/sahara/datalab-ml/z1974769/pdffigures2/target/scala-2.12/classes
[error] java.io.IOException: Cannot run program "javac" (in directory "/lstr/sahara/datalab-ml/z1974769/pdffigures2"): error=2, No such file or directory
[error] java.lang.ProcessBuilder.start(ProcessBuilder.java:1048)
[error] scala.sys.process.ProcessBuilderImpl$Simple.run(ProcessBuilderImpl.scala:75)
[error] scala.sys.process.ProcessBuilderImpl$AbstractBuilder.run(ProcessBuilderImpl.scala:106)
[error] scala.sys.process.ProcessBuilderImpl$AbstractBuilder.$anonfun$runBuffered$1(ProcessBuilderImpl.scala:154)
[error] scala.runtime.java8.JFunction0$mcI$sp.apply(JFunction0$mcI$sp.java:23)
[error] sbt.internal.inc.javac.JavacLogger.buffer(JavacProcessLogger.scala:49)
[error] scala.sys.process.ProcessBuilderImpl$AbstractBuilder.runBuffered(ProcessBuilderImpl.scala:154)
[error] scala.sys.process.ProcessBuilderImpl$AbstractBuilder.$bang(ProcessBuilderImpl.scala:120)
[error] sbt.internal.inc.javac.ForkedJava$.$anonfun$launch$3(ForkedJava.scala:55)
[error] sbt.internal.inc.javac.ForkedJava$.$anonfun$launch$3$adapted(ForkedJava.scala:48)
[error] sbt.internal.inc.javac.ForkedJava$.$anonfun$withArgumentFile$1(ForkedJava.scala:77)
[error] sbt.io.IO$.withTemporaryDirectory(IO.scala:490)
[error] sbt.io.IO$.withTemporaryDirectory(IO.scala:500)
[error] sbt.internal.inc.javac.ForkedJava$.withArgumentFile(ForkedJava.scala:74)
[error] sbt.internal.inc.javac.ForkedJava$.launch(ForkedJava.scala:48)
[error] sbt.internal.inc.javac.ForkedJavaCompiler.run(ForkedJava.scala:103)
[error] sbt.internal.inc.javac.AnalyzingJavaCompiler.$anonfun$compile$12(AnalyzingJavaCompiler.scala:172)
[error] scala.runtime.java8.JFunction0$mcV$sp.apply(JFunction0$mcV$sp.java:23)
[error] sbt.internal.inc.javac.AnalyzingJavaCompiler.timed(AnalyzingJavaCompiler.scala:262)
[error] sbt.internal.inc.javac.AnalyzingJavaCompiler.compile(AnalyzingJavaCompiler.scala:161)
[error] sbt.internal.inc.MixedAnalyzingCompiler.$anonfun$compileJava$2(MixedAnalyzingCompiler.scala:103)
[error] sbt.internal.inc.MixedAnalyzingCompiler.$anonfun$compileJava$2$adapted(MixedAnalyzingCompiler.scala:91)
[error] sbt.internal.inc.JarUtils$.withPreviousJar(JarUtils.scala:239)
[error] sbt.internal.inc.MixedAnalyzingCompiler.$anonfun$compileJava$1(MixedAnalyzingCompiler.scala:91)
[error] scala.runtime.java8.JFunction0$mcV$sp.apply(JFunction0$mcV$sp.java:23)
[error] sbt.internal.inc.MixedAnalyzingCompiler.timed(MixedAnalyzingCompiler.scala:248)
[error] sbt.internal.inc.MixedAnalyzingCompiler.compileJava(MixedAnalyzingCompiler.scala:61)
[error] sbt.internal.inc.MixedAnalyzingCompiler.compileJava0$1(MixedAnalyzingCompiler.scala:198)
[error] sbt.internal.inc.MixedAnalyzingCompiler.compile(MixedAnalyzingCompiler.scala:211)
[error] sbt.internal.inc.IncrementalCompilerImpl.$anonfun$compileInternal$1(IncrementalCompilerImpl.scala:534)
[error] sbt.internal.inc.IncrementalCompilerImpl.$anonfun$compileInternal$1$adapted(IncrementalCompilerImpl.scala:534)
[error] sbt.internal.inc.Incremental$.$anonfun$apply$5(Incremental.scala:179)
[error] sbt.internal.inc.Incremental$.$anonfun$apply$5$adapted(Incremental.scala:177)
[error] sbt.internal.inc.Incremental$$anon$2.run(Incremental.scala:463)
[error] sbt.internal.inc.IncrementalCommon$CycleState.next(IncrementalCommon.scala:116)
[error] sbt.internal.inc.IncrementalCommon$$anon$1.next(IncrementalCommon.scala:56)
[error] sbt.internal.inc.IncrementalCommon$$anon$1.next(IncrementalCommon.scala:52)
[error] sbt.internal.inc.IncrementalCommon.cycle(IncrementalCommon.scala:263)
[error] sbt.internal.inc.Incremental$.$anonfun$incrementalCompile$8(Incremental.scala:418)
[error] sbt.internal.inc.Incremental$.withClassfileManager(Incremental.scala:506)
[error] sbt.internal.inc.Incremental$.incrementalCompile(Incremental.scala:405)
[error] sbt.internal.inc.Incremental$.apply(Incremental.scala:171)
[error] sbt.internal.inc.IncrementalCompilerImpl.compileInternal(IncrementalCompilerImpl.scala:534)
[error] sbt.internal.inc.IncrementalCompilerImpl.$anonfun$compileIncrementally$1(IncrementalCompilerImpl.scala:488)
[error] sbt.internal.inc.IncrementalCompilerImpl.handleCompilationError(IncrementalCompilerImpl.scala:332)
[error] sbt.internal.inc.IncrementalCompilerImpl.compileIncrementally(IncrementalCompilerImpl.scala:425)
[error] sbt.internal.inc.IncrementalCompilerImpl.compile(IncrementalCompilerImpl.scala:137)
[error] sbt.Defaults$.compileIncrementalTaskImpl(Defaults.scala:2364)
[error] sbt.Defaults$.$anonfun$compileIncrementalTask$2(Defaults.scala:2314)
[error] sbt.internal.server.BspCompileTask$.$anonfun$compute$1(BspCompileTask.scala:30)
[error] sbt.internal.io.Retry$.apply(Retry.scala:46)
[error] sbt.internal.io.Retry$.apply(Retry.scala:28)
[error] sbt.internal.io.Retry$.apply(Retry.scala:23)
[error] sbt.internal.server.BspCompileTask$.compute(BspCompileTask.scala:30)
[error] sbt.Defaults$.$anonfun$compileIncrementalTask$1(Defaults.scala:2312)
[error] scala.Function1.$anonfun$compose$1(Function1.scala:49)
[error] sbt.internal.util.$tilde$greater.$anonfun$$u2219$1(TypeFunctions.scala:62)
[error] sbt.std.Transform$$anon$4.work(Transform.scala:68)
[error] sbt.Execute.$anonfun$submit$2(Execute.scala:282)
[error] sbt.internal.util.ErrorHandling$.wideConvert(ErrorHandling.scala:23)
[error] sbt.Execute.work(Execute.scala:291)
[error] sbt.Execute.$anonfun$submit$1(Execute.scala:282)
[error] sbt.ConcurrentRestrictions$$anon$4.$anonfun$submitValid$1(ConcurrentRestrictions.scala:265)
[error] sbt.CompletionService$$anon$2.call(CompletionService.scala:64)
[error] java.util.concurrent.FutureTask.run(FutureTask.java:266)
[error] java.util.concurrent.Executors$RunnableAdapter.call(Executors.java:511)
[error] java.util.concurrent.FutureTask.run(FutureTask.java:266)
[error] java.util.concurrent.ThreadPoolExecutor.runWorker(ThreadPoolExecutor.java:1149)
[error] java.util.concurrent.ThreadPoolExecutor$Worker.run(ThreadPoolExecutor.java:624)
[error] java.lang.Thread.run(Thread.java:750)
[error]            
[info] compiling 25 Scala sources and 1 Java source to /lstr/sahara/datalab-ml/z1974769/pdffigures2/target/scala-2.12/classes ...
[warn] one deprecation (since 2.12.0); re-run with -deprecation for details
[warn] one warning found
[warn] javac exited with exit code -1
[error] ## Exception when compiling 26 sources to /lstr/sahara/datalab-ml/z1974769/pdffigures2/target/scala-2.12/classes
[error] java.io.IOException: Cannot run program "javac" (in directory "/lstr/sahara/datalab-ml/z1974769/pdffigures2"): error=2, No such file or directory
[error] java.lang.ProcessBuilder.start(ProcessBuilder.java:1048)
[error] scala.sys.process.ProcessBuilderImpl$Simple.run(ProcessBuilderImpl.scala:75)
[error] scala.sys.process.ProcessBuilderImpl$AbstractBuilder.run(ProcessBuilderImpl.scala:106)
[error] scala.sys.process.ProcessBuilderImpl$AbstractBuilder.$anonfun$runBuffered$1(ProcessBuilderImpl.scala:154)
[error] scala.runtime.java8.JFunction0$mcI$sp.apply(JFunction0$mcI$sp.java:23)
[error] sbt.internal.inc.javac.JavacLogger.buffer(JavacProcessLogger.scala:49)
[error] scala.sys.process.ProcessBuilderImpl$AbstractBuilder.runBuffered(ProcessBuilderImpl.scala:154)
[error] scala.sys.process.ProcessBuilderImpl$AbstractBuilder.$bang(ProcessBuilderImpl.scala:120)
[error] sbt.internal.inc.javac.ForkedJava$.$anonfun$launch$3(ForkedJava.scala:55)
[error] sbt.internal.inc.javac.ForkedJava$.$anonfun$launch$3$adapted(ForkedJava.scala:48)
[error] sbt.internal.inc.javac.ForkedJava$.$anonfun$withArgumentFile$1(ForkedJava.scala:77)
[error] sbt.io.IO$.withTemporaryDirectory(IO.scala:490)
[error] sbt.io.IO$.withTemporaryDirectory(IO.scala:500)
[error] sbt.internal.inc.javac.ForkedJava$.withArgumentFile(ForkedJava.scala:74)
[error] sbt.internal.inc.javac.ForkedJava$.launch(ForkedJava.scala:48)
[error] sbt.internal.inc.javac.ForkedJavaCompiler.run(ForkedJava.scala:103)
[error] sbt.internal.inc.javac.AnalyzingJavaCompiler.$anonfun$compile$12(AnalyzingJavaCompiler.scala:172)
[error] scala.runtime.java8.JFunction0$mcV$sp.apply(JFunction0$mcV$sp.java:23)
[error] sbt.internal.inc.javac.AnalyzingJavaCompiler.timed(AnalyzingJavaCompiler.scala:262)
[error] sbt.internal.inc.javac.AnalyzingJavaCompiler.compile(AnalyzingJavaCompiler.scala:161)
[error] sbt.internal.inc.MixedAnalyzingCompiler.$anonfun$compileJava$2(MixedAnalyzingCompiler.scala:103)
[error] sbt.internal.inc.MixedAnalyzingCompiler.$anonfun$compileJava$2$adapted(MixedAnalyzingCompiler.scala:91)
[error] sbt.internal.inc.JarUtils$.withPreviousJar(JarUtils.scala:239)
[error] sbt.internal.inc.MixedAnalyzingCompiler.$anonfun$compileJava$1(MixedAnalyzingCompiler.scala:91)
[error] scala.runtime.java8.JFunction0$mcV$sp.apply(JFunction0$mcV$sp.java:23)
[error] sbt.internal.inc.MixedAnalyzingCompiler.timed(MixedAnalyzingCompiler.scala:248)
[error] sbt.internal.inc.MixedAnalyzingCompiler.compileJava(MixedAnalyzingCompiler.scala:61)
[error] sbt.internal.inc.MixedAnalyzingCompiler.compileJava0$1(MixedAnalyzingCompiler.scala:198)
[error] sbt.internal.inc.MixedAnalyzingCompiler.compile(MixedAnalyzingCompiler.scala:211)
[error] sbt.internal.inc.IncrementalCompilerImpl.$anonfun$compileInternal$1(IncrementalCompilerImpl.scala:534)
[error] sbt.internal.inc.IncrementalCompilerImpl.$anonfun$compileInternal$1$adapted(IncrementalCompilerImpl.scala:534)
[error] sbt.internal.inc.Incremental$.$anonfun$apply$5(Incremental.scala:179)
[error] sbt.internal.inc.Incremental$.$anonfun$apply$5$adapted(Incremental.scala:177)
[error] sbt.internal.inc.Incremental$$anon$2.run(Incremental.scala:463)
[error] sbt.internal.inc.IncrementalCommon$CycleState.next(IncrementalCommon.scala:116)
[error] sbt.internal.inc.IncrementalCommon$$anon$1.next(IncrementalCommon.scala:56)
[error] sbt.internal.inc.IncrementalCommon$$anon$1.next(IncrementalCommon.scala:52)
[error] sbt.internal.inc.IncrementalCommon.cycle(IncrementalCommon.scala:263)
[error] sbt.internal.inc.Incremental$.$anonfun$incrementalCompile$8(Incremental.scala:418)
[error] sbt.internal.inc.Incremental$.withClassfileManager(Incremental.scala:506)
[error] sbt.internal.inc.Incremental$.incrementalCompile(Incremental.scala:405)
[error] sbt.internal.inc.Incremental$.apply(Incremental.scala:171)
[error] sbt.internal.inc.IncrementalCompilerImpl.compileInternal(IncrementalCompilerImpl.scala:534)
[error] sbt.internal.inc.IncrementalCompilerImpl.$anonfun$compileIncrementally$1(IncrementalCompilerImpl.scala:488)
[error] sbt.internal.inc.IncrementalCompilerImpl.handleCompilationError(IncrementalCompilerImpl.scala:332)
[error] sbt.internal.inc.IncrementalCompilerImpl.compileIncrementally(IncrementalCompilerImpl.scala:425)
[error] sbt.internal.inc.IncrementalCompilerImpl.compile(IncrementalCompilerImpl.scala:137)
[error] sbt.Defaults$.compileIncrementalTaskImpl(Defaults.scala:2364)
[error] sbt.Defaults$.$anonfun$compileIncrementalTask$2(Defaults.scala:2314)
[error] sbt.internal.server.BspCompileTask$.$anonfun$compute$1(BspCompileTask.scala:30)
[error] sbt.internal.io.Retry$.apply(Retry.scala:46)
[error] sbt.internal.io.Retry$.apply(Retry.scala:28)
[error] sbt.internal.io.Retry$.apply(Retry.scala:23)
[error] sbt.internal.server.BspCompileTask$.compute(BspCompileTask.scala:30)
[error] sbt.Defaults$.$anonfun$compileIncrementalTask$1(Defaults.scala:2312)
[error] scala.Function1.$anonfun$compose$1(Function1.scala:49)
[error] sbt.internal.util.$tilde$greater.$anonfun$$u2219$1(TypeFunctions.scala:62)
[error] sbt.std.Transform$$anon$4.work(Transform.scala:68)
[error] sbt.Execute.$anonfun$submit$2(Execute.scala:282)
[error] sbt.internal.util.ErrorHandling$.wideConvert(ErrorHandling.scala:23)
[error] sbt.Execute.work(Execute.scala:291)
[error] sbt.Execute.$anonfun$submit$1(Execute.scala:282)
[error] sbt.ConcurrentRestrictions$$anon$4.$anonfun$submitValid$1(ConcurrentRestrictions.scala:265)
[error] sbt.CompletionService$$anon$2.call(CompletionService.scala:64)
[error] java.util.concurrent.FutureTask.run(FutureTask.java:266)
[error] java.util.concurrent.Executors$RunnableAdapter.call(Executors.java:511)
[error] java.util.concurrent.FutureTask.run(FutureTask.java:266)
[error] java.util.concurrent.ThreadPoolExecutor.runWorker(ThreadPoolExecutor.java:1149)
[error] java.util.concurrent.ThreadPoolExecutor$Worker.run(ThreadPoolExecutor.java:624)
[error] java.lang.Thread.run(Thread.java:750)
[error]            
[info] compiling 25 Scala sources and 1 Java source to /lstr/sahara/datalab-ml/z1974769/pdffigures2/target/scala-2.12/classes ...
[warn] one deprecation (since 2.12.0); re-run with -deprecation for details
[warn] one warning found
[warn] javac exited with exit code -1
[error] ## Exception when compiling 26 sources to /lstr/sahara/datalab-ml/z1974769/pdffigures2/target/scala-2.12/classes
[error] java.io.IOException: Cannot run program "javac" (in directory "/lstr/sahara/datalab-ml/z1974769/pdffigures2"): error=2, No such file or directory
[error] java.lang.ProcessBuilder.start(ProcessBuilder.java:1048)
[error] scala.sys.process.ProcessBuilderImpl$Simple.run(ProcessBuilderImpl.scala:75)
[error] scala.sys.process.ProcessBuilderImpl$AbstractBuilder.run(ProcessBuilderImpl.scala:106)
[error] scala.sys.process.ProcessBuilderImpl$AbstractBuilder.$anonfun$runBuffered$1(ProcessBuilderImpl.scala:154)
[error] scala.runtime.java8.JFunction0$mcI$sp.apply(JFunction0$mcI$sp.java:23)
[error] sbt.internal.inc.javac.JavacLogger.buffer(JavacProcessLogger.scala:49)
[error] scala.sys.process.ProcessBuilderImpl$AbstractBuilder.runBuffered(ProcessBuilderImpl.scala:154)
[error] scala.sys.process.ProcessBuilderImpl$AbstractBuilder.$bang(ProcessBuilderImpl.scala:120)
[error] sbt.internal.inc.javac.ForkedJava$.$anonfun$launch$3(ForkedJava.scala:55)
[error] sbt.internal.inc.javac.ForkedJava$.$anonfun$launch$3$adapted(ForkedJava.scala:48)
[error] sbt.internal.inc.javac.ForkedJava$.$anonfun$withArgumentFile$1(ForkedJava.scala:77)
[error] sbt.io.IO$.withTemporaryDirectory(IO.scala:490)
[error] sbt.io.IO$.withTemporaryDirectory(IO.scala:500)
[error] sbt.internal.inc.javac.ForkedJava$.withArgumentFile(ForkedJava.scala:74)
[error] sbt.internal.inc.javac.ForkedJava$.launch(ForkedJava.scala:48)
[error] sbt.internal.inc.javac.ForkedJavaCompiler.run(ForkedJava.scala:103)
[error] sbt.internal.inc.javac.AnalyzingJavaCompiler.$anonfun$compile$12(AnalyzingJavaCompiler.scala:172)
[error] scala.runtime.java8.JFunction0$mcV$sp.apply(JFunction0$mcV$sp.java:23)
[error] sbt.internal.inc.javac.AnalyzingJavaCompiler.timed(AnalyzingJavaCompiler.scala:262)
[error] sbt.internal.inc.javac.AnalyzingJavaCompiler.compile(AnalyzingJavaCompiler.scala:161)
[error] sbt.internal.inc.MixedAnalyzingCompiler.$anonfun$compileJava$2(MixedAnalyzingCompiler.scala:103)
[error] sbt.internal.inc.MixedAnalyzingCompiler.$anonfun$compileJava$2$adapted(MixedAnalyzingCompiler.scala:91)
[error] sbt.internal.inc.JarUtils$.withPreviousJar(JarUtils.scala:239)
[error] sbt.internal.inc.MixedAnalyzingCompiler.$anonfun$compileJava$1(MixedAnalyzingCompiler.scala:91)
[error] scala.runtime.java8.JFunction0$mcV$sp.apply(JFunction0$mcV$sp.java:23)
[error] sbt.internal.inc.MixedAnalyzingCompiler.timed(MixedAnalyzingCompiler.scala:248)
[error] sbt.internal.inc.MixedAnalyzingCompiler.compileJava(MixedAnalyzingCompiler.scala:61)
[error] sbt.internal.inc.MixedAnalyzingCompiler.compileJava0$1(MixedAnalyzingCompiler.scala:198)
[error] sbt.internal.inc.MixedAnalyzingCompiler.compile(MixedAnalyzingCompiler.scala:211)
[error] sbt.internal.inc.IncrementalCompilerImpl.$anonfun$compileInternal$1(IncrementalCompilerImpl.scala:534)
[error] sbt.internal.inc.IncrementalCompilerImpl.$anonfun$compileInternal$1$adapted(IncrementalCompilerImpl.scala:534)
[error] sbt.internal.inc.Incremental$.$anonfun$apply$5(Incremental.scala:179)
[error] sbt.internal.inc.Incremental$.$anonfun$apply$5$adapted(Incremental.scala:177)
[error] sbt.internal.inc.Incremental$$anon$2.run(Incremental.scala:463)
[error] sbt.internal.inc.IncrementalCommon$CycleState.next(IncrementalCommon.scala:116)
[error] sbt.internal.inc.IncrementalCommon$$anon$1.next(IncrementalCommon.scala:56)
[error] sbt.internal.inc.IncrementalCommon$$anon$1.next(IncrementalCommon.scala:52)
[error] sbt.internal.inc.IncrementalCommon.cycle(IncrementalCommon.scala:263)
[error] sbt.internal.inc.Incremental$.$anonfun$incrementalCompile$8(Incremental.scala:418)
[error] sbt.internal.inc.Incremental$.withClassfileManager(Incremental.scala:506)
[error] sbt.internal.inc.Incremental$.incrementalCompile(Incremental.scala:405)
[error] sbt.internal.inc.Incremental$.apply(Incremental.scala:171)
[error] sbt.internal.inc.IncrementalCompilerImpl.compileInternal(IncrementalCompilerImpl.scala:534)
[error] sbt.internal.inc.IncrementalCompilerImpl.$anonfun$compileIncrementally$1(IncrementalCompilerImpl.scala:488)
[error] sbt.internal.inc.IncrementalCompilerImpl.handleCompilationError(IncrementalCompilerImpl.scala:332)
[error] sbt.internal.inc.IncrementalCompilerImpl.compileIncrementally(IncrementalCompilerImpl.scala:425)
[error] sbt.internal.inc.IncrementalCompilerImpl.compile(IncrementalCompilerImpl.scala:137)
[error] sbt.Defaults$.compileIncrementalTaskImpl(Defaults.scala:2364)
[error] sbt.Defaults$.$anonfun$compileIncrementalTask$2(Defaults.scala:2314)
[error] sbt.internal.server.BspCompileTask$.$anonfun$compute$1(BspCompileTask.scala:30)
[error] sbt.internal.io.Retry$.apply(Retry.scala:46)
[error] sbt.internal.io.Retry$.apply(Retry.scala:28)
[error] sbt.internal.io.Retry$.apply(Retry.scala:23)
[error] sbt.internal.server.BspCompileTask$.compute(BspCompileTask.scala:30)
[error] sbt.Defaults$.$anonfun$compileIncrementalTask$1(Defaults.scala:2312)
[error] scala.Function1.$anonfun$compose$1(Function1.scala:49)
[error] sbt.internal.util.$tilde$greater.$anonfun$$u2219$1(TypeFunctions.scala:62)
[error] sbt.std.Transform$$anon$4.work(Transform.scala:68)
[error] sbt.Execute.$anonfun$submit$2(Execute.scala:282)
[error] sbt.internal.util.ErrorHandling$.wideConvert(ErrorHandling.scala:23)
[error] sbt.Execute.work(Execute.scala:291)
[error] sbt.Execute.$anonfun$submit$1(Execute.scala:282)
[error] sbt.ConcurrentRestrictions$$anon$4.$anonfun$submitValid$1(ConcurrentRestrictions.scala:265)
[error] sbt.CompletionService$$anon$2.call(CompletionService.scala:64)
[error] java.util.concurrent.FutureTask.run(FutureTask.java:266)
[error] java.util.concurrent.Executors$RunnableAdapter.call(Executors.java:511)
[error] java.util.concurrent.FutureTask.run(FutureTask.java:266)
[error] java.util.concurrent.ThreadPoolExecutor.runWorker(ThreadPoolExecutor.java:1149)
[error] java.util.concurrent.ThreadPoolExecutor$Worker.run(ThreadPoolExecutor.java:624)
[error] java.lang.Thread.run(Thread.java:750)
[error]            
[info] compiling 25 Scala sources and 1 Java source to /lstr/sahara/datalab-ml/z1974769/pdffigures2/target/scala-2.12/classes ...
[warn] one deprecation (since 2.12.0); re-run with -deprecation for details
[warn] one warning found
[warn] javac exited with exit code -1
[error] ## Exception when compiling 26 sources to /lstr/sahara/datalab-ml/z1974769/pdffigures2/target/scala-2.12/classes
[error] java.io.IOException: Cannot run program "javac" (in directory "/lstr/sahara/datalab-ml/z1974769/pdffigures2"): error=2, No such file or directory
[error] java.lang.ProcessBuilder.start(ProcessBuilder.java:1048)
[error] scala.sys.process.ProcessBuilderImpl$Simple.run(ProcessBuilderImpl.scala:75)
[error] scala.sys.process.ProcessBuilderImpl$AbstractBuilder.run(ProcessBuilderImpl.scala:106)
[error] scala.sys.process.ProcessBuilderImpl$AbstractBuilder.$anonfun$runBuffered$1(ProcessBuilderImpl.scala:154)
[error] scala.runtime.java8.JFunction0$mcI$sp.apply(JFunction0$mcI$sp.java:23)
[error] sbt.internal.inc.javac.JavacLogger.buffer(JavacProcessLogger.scala:49)
[error] scala.sys.process.ProcessBuilderImpl$AbstractBuilder.runBuffered(ProcessBuilderImpl.scala:154)
[error] scala.sys.process.ProcessBuilderImpl$AbstractBuilder.$bang(ProcessBuilderImpl.scala:120)
[error] sbt.internal.inc.javac.ForkedJava$.$anonfun$launch$3(ForkedJava.scala:55)
[error] sbt.internal.inc.javac.ForkedJava$.$anonfun$launch$3$adapted(ForkedJava.scala:48)
[error] sbt.internal.inc.javac.ForkedJava$.$anonfun$withArgumentFile$1(ForkedJava.scala:77)
[error] sbt.io.IO$.withTemporaryDirectory(IO.scala:490)
[error] sbt.io.IO$.withTemporaryDirectory(IO.scala:500)
[error] sbt.internal.inc.javac.ForkedJava$.withArgumentFile(ForkedJava.scala:74)
[error] sbt.internal.inc.javac.ForkedJava$.launch(ForkedJava.scala:48)
[error] sbt.internal.inc.javac.ForkedJavaCompiler.run(ForkedJava.scala:103)
[error] sbt.internal.inc.javac.AnalyzingJavaCompiler.$anonfun$compile$12(AnalyzingJavaCompiler.scala:172)
[error] scala.runtime.java8.JFunction0$mcV$sp.apply(JFunction0$mcV$sp.java:23)
[error] sbt.internal.inc.javac.AnalyzingJavaCompiler.timed(AnalyzingJavaCompiler.scala:262)
[error] sbt.internal.inc.javac.AnalyzingJavaCompiler.compile(AnalyzingJavaCompiler.scala:161)
[error] sbt.internal.inc.MixedAnalyzingCompiler.$anonfun$compileJava$2(MixedAnalyzingCompiler.scala:103)
[error] sbt.internal.inc.MixedAnalyzingCompiler.$anonfun$compileJava$2$adapted(MixedAnalyzingCompiler.scala:91)
[error] sbt.internal.inc.JarUtils$.withPreviousJar(JarUtils.scala:239)
[error] sbt.internal.inc.MixedAnalyzingCompiler.$anonfun$compileJava$1(MixedAnalyzingCompiler.scala:91)
[error] scala.runtime.java8.JFunction0$mcV$sp.apply(JFunction0$mcV$sp.java:23)
[error] sbt.internal.inc.MixedAnalyzingCompiler.timed(MixedAnalyzingCompiler.scala:248)
[error] sbt.internal.inc.MixedAnalyzingCompiler.compileJava(MixedAnalyzingCompiler.scala:61)
[error] sbt.internal.inc.MixedAnalyzingCompiler.compileJava0$1(MixedAnalyzingCompiler.scala:198)
[error] sbt.internal.inc.MixedAnalyzingCompiler.compile(MixedAnalyzingCompiler.scala:211)
[error] sbt.internal.inc.IncrementalCompilerImpl.$anonfun$compileInternal$1(IncrementalCompilerImpl.scala:534)
[error] sbt.internal.inc.IncrementalCompilerImpl.$anonfun$compileInternal$1$adapted(IncrementalCompilerImpl.scala:534)
[error] sbt.internal.inc.Incremental$.$anonfun$apply$5(Incremental.scala:179)
[error] sbt.internal.inc.Incremental$.$anonfun$apply$5$adapted(Incremental.scala:177)
[error] sbt.internal.inc.Incremental$$anon$2.run(Incremental.scala:463)
[error] sbt.internal.inc.IncrementalCommon$CycleState.next(IncrementalCommon.scala:116)
[error] sbt.internal.inc.IncrementalCommon$$anon$1.next(IncrementalCommon.scala:56)
[error] sbt.internal.inc.IncrementalCommon$$anon$1.next(IncrementalCommon.scala:52)
[error] sbt.internal.inc.IncrementalCommon.cycle(IncrementalCommon.scala:263)
[error] sbt.internal.inc.Incremental$.$anonfun$incrementalCompile$8(Incremental.scala:418)
[error] sbt.internal.inc.Incremental$.withClassfileManager(Incremental.scala:506)
[error] sbt.internal.inc.Incremental$.incrementalCompile(Incremental.scala:405)
[error] sbt.internal.inc.Incremental$.apply(Incremental.scala:171)
[error] sbt.internal.inc.IncrementalCompilerImpl.compileInternal(IncrementalCompilerImpl.scala:534)
[error] sbt.internal.inc.IncrementalCompilerImpl.$anonfun$compileIncrementally$1(IncrementalCompilerImpl.scala:488)
[error] sbt.internal.inc.IncrementalCompilerImpl.handleCompilationError(IncrementalCompilerImpl.scala:332)
[error] sbt.internal.inc.IncrementalCompilerImpl.compileIncrementally(IncrementalCompilerImpl.scala:425)
[error] sbt.internal.inc.IncrementalCompilerImpl.compile(IncrementalCompilerImpl.scala:137)
[error] sbt.Defaults$.compileIncrementalTaskImpl(Defaults.scala:2364)
[error] sbt.Defaults$.$anonfun$compileIncrementalTask$2(Defaults.scala:2314)
[error] sbt.internal.server.BspCompileTask$.$anonfun$compute$1(BspCompileTask.scala:30)
[error] sbt.internal.io.Retry$.apply(Retry.scala:46)
[error] sbt.internal.io.Retry$.apply(Retry.scala:28)
[error] sbt.internal.io.Retry$.apply(Retry.scala:23)
[error] sbt.internal.server.BspCompileTask$.compute(BspCompileTask.scala:30)
[error] sbt.Defaults$.$anonfun$compileIncrementalTask$1(Defaults.scala:2312)
[error] scala.Function1.$anonfun$compose$1(Function1.scala:49)
[error] sbt.internal.util.$tilde$greater.$anonfun$$u2219$1(TypeFunctions.scala:62)
[error] sbt.std.Transform$$anon$4.work(Transform.scala:68)
[error] sbt.Execute.$anonfun$submit$2(Execute.scala:282)
[error] sbt.internal.util.ErrorHandling$.wideConvert(ErrorHandling.scala:23)
[error] sbt.Execute.work(Execute.scala:291)
[error] sbt.Execute.$anonfun$submit$1(Execute.scala:282)
[error] sbt.ConcurrentRestrictions$$anon$4.$anonfun$submitValid$1(ConcurrentRestrictions.scala:265)
[error] sbt.CompletionService$$anon$2.call(CompletionService.scala:64)
[error] java.util.concurrent.FutureTask.run(FutureTask.java:266)
[error] java.util.concurrent.Executors$RunnableAdapter.call(Executors.java:511)
[error] java.util.concurrent.FutureTask.run(FutureTask.java:266)
[error] java.util.concurrent.ThreadPoolExecutor.runWorker(ThreadPoolExecutor.java:1149)
[error] java.util.concurrent.ThreadPoolExecutor$Worker.run(ThreadPoolExecutor.java:624)
[error] java.lang.Thread.run(Thread.java:750)
[error]            
[info] compiling 25 Scala sources and 1 Java source to /lstr/sahara/datalab-ml/z1974769/pdffigures2/target/scala-2.12/classes ...
[warn] one deprecation (since 2.12.0); re-run with -deprecation for details
[warn] one warning found
[warn] javac exited with exit code -1
[error] ## Exception when compiling 26 sources to /lstr/sahara/datalab-ml/z1974769/pdffigures2/target/scala-2.12/classes
[error] java.io.IOException: Cannot run program "javac" (in directory "/lstr/sahara/datalab-ml/z1974769/pdffigures2"): error=2, No such file or directory
[error] java.lang.ProcessBuilder.start(ProcessBuilder.java:1048)
[error] scala.sys.process.ProcessBuilderImpl$Simple.run(ProcessBuilderImpl.scala:75)
[error] scala.sys.process.ProcessBuilderImpl$AbstractBuilder.run(ProcessBuilderImpl.scala:106)
[error] scala.sys.process.ProcessBuilderImpl$AbstractBuilder.$anonfun$runBuffered$1(ProcessBuilderImpl.scala:154)
[error] scala.runtime.java8.JFunction0$mcI$sp.apply(JFunction0$mcI$sp.java:23)
[error] sbt.internal.inc.javac.JavacLogger.buffer(JavacProcessLogger.scala:49)
[error] scala.sys.process.ProcessBuilderImpl$AbstractBuilder.runBuffered(ProcessBuilderImpl.scala:154)
[error] scala.sys.process.ProcessBuilderImpl$AbstractBuilder.$bang(ProcessBuilderImpl.scala:120)
[error] sbt.internal.inc.javac.ForkedJava$.$anonfun$launch$3(ForkedJava.scala:55)
[error] sbt.internal.inc.javac.ForkedJava$.$anonfun$launch$3$adapted(ForkedJava.scala:48)
[error] sbt.internal.inc.javac.ForkedJava$.$anonfun$withArgumentFile$1(ForkedJava.scala:77)
[error] sbt.io.IO$.withTemporaryDirectory(IO.scala:490)
[error] sbt.io.IO$.withTemporaryDirectory(IO.scala:500)
[error] sbt.internal.inc.javac.ForkedJava$.withArgumentFile(ForkedJava.scala:74)
[error] sbt.internal.inc.javac.ForkedJava$.launch(ForkedJava.scala:48)
[error] sbt.internal.inc.javac.ForkedJavaCompiler.run(ForkedJava.scala:103)
[error] sbt.internal.inc.javac.AnalyzingJavaCompiler.$anonfun$compile$12(AnalyzingJavaCompiler.scala:172)
[error] scala.runtime.java8.JFunction0$mcV$sp.apply(JFunction0$mcV$sp.java:23)
[error] sbt.internal.inc.javac.AnalyzingJavaCompiler.timed(AnalyzingJavaCompiler.scala:262)
[error] sbt.internal.inc.javac.AnalyzingJavaCompiler.compile(AnalyzingJavaCompiler.scala:161)
[error] sbt.internal.inc.MixedAnalyzingCompiler.$anonfun$compileJava$2(MixedAnalyzingCompiler.scala:103)
[error] sbt.internal.inc.MixedAnalyzingCompiler.$anonfun$compileJava$2$adapted(MixedAnalyzingCompiler.scala:91)
[error] sbt.internal.inc.JarUtils$.withPreviousJar(JarUtils.scala:239)
[error] sbt.internal.inc.MixedAnalyzingCompiler.$anonfun$compileJava$1(MixedAnalyzingCompiler.scala:91)
[error] scala.runtime.java8.JFunction0$mcV$sp.apply(JFunction0$mcV$sp.java:23)
[error] sbt.internal.inc.MixedAnalyzingCompiler.timed(MixedAnalyzingCompiler.scala:248)
[error] sbt.internal.inc.MixedAnalyzingCompiler.compileJava(MixedAnalyzingCompiler.scala:61)
[error] sbt.internal.inc.MixedAnalyzingCompiler.compileJava0$1(MixedAnalyzingCompiler.scala:198)
[error] sbt.internal.inc.MixedAnalyzingCompiler.compile(MixedAnalyzingCompiler.scala:211)
[error] sbt.internal.inc.IncrementalCompilerImpl.$anonfun$compileInternal$1(IncrementalCompilerImpl.scala:534)
[error] sbt.internal.inc.IncrementalCompilerImpl.$anonfun$compileInternal$1$adapted(IncrementalCompilerImpl.scala:534)
[error] sbt.internal.inc.Incremental$.$anonfun$apply$5(Incremental.scala:179)
[error] sbt.internal.inc.Incremental$.$anonfun$apply$5$adapted(Incremental.scala:177)
[error] sbt.internal.inc.Incremental$$anon$2.run(Incremental.scala:463)
[error] sbt.internal.inc.IncrementalCommon$CycleState.next(IncrementalCommon.scala:116)
[error] sbt.internal.inc.IncrementalCommon$$anon$1.next(IncrementalCommon.scala:56)
[error] sbt.internal.inc.IncrementalCommon$$anon$1.next(IncrementalCommon.scala:52)
[error] sbt.internal.inc.IncrementalCommon.cycle(IncrementalCommon.scala:263)
[error] sbt.internal.inc.Incremental$.$anonfun$incrementalCompile$8(Incremental.scala:418)
[error] sbt.internal.inc.Incremental$.withClassfileManager(Incremental.scala:506)
[error] sbt.internal.inc.Incremental$.incrementalCompile(Incremental.scala:405)
[error] sbt.internal.inc.Incremental$.apply(Incremental.scala:171)
[error] sbt.internal.inc.IncrementalCompilerImpl.compileInternal(IncrementalCompilerImpl.scala:534)
[error] sbt.internal.inc.IncrementalCompilerImpl.$anonfun$compileIncrementally$1(IncrementalCompilerImpl.scala:488)
[error] sbt.internal.inc.IncrementalCompilerImpl.handleCompilationError(IncrementalCompilerImpl.scala:332)
[error] sbt.internal.inc.IncrementalCompilerImpl.compileIncrementally(IncrementalCompilerImpl.scala:425)
[error] sbt.internal.inc.IncrementalCompilerImpl.compile(IncrementalCompilerImpl.scala:137)
[error] sbt.Defaults$.compileIncrementalTaskImpl(Defaults.scala:2364)
[error] sbt.Defaults$.$anonfun$compileIncrementalTask$2(Defaults.scala:2314)
[error] sbt.internal.server.BspCompileTask$.$anonfun$compute$1(BspCompileTask.scala:30)
[error] sbt.internal.io.Retry$.apply(Retry.scala:46)
[error] sbt.internal.io.Retry$.apply(Retry.scala:28)
[error] sbt.internal.io.Retry$.apply(Retry.scala:23)
[error] sbt.internal.server.BspCompileTask$.compute(BspCompileTask.scala:30)
[error] sbt.Defaults$.$anonfun$compileIncrementalTask$1(Defaults.scala:2312)
[error] scala.Function1.$anonfun$compose$1(Function1.scala:49)
[error] sbt.internal.util.$tilde$greater.$anonfun$$u2219$1(TypeFunctions.scala:62)
[error] sbt.std.Transform$$anon$4.work(Transform.scala:68)
[error] sbt.Execute.$anonfun$submit$2(Execute.scala:282)
[error] sbt.internal.util.ErrorHandling$.wideConvert(ErrorHandling.scala:23)
[error] sbt.Execute.work(Execute.scala:291)
[error] sbt.Execute.$anonfun$submit$1(Execute.scala:282)
[error] sbt.ConcurrentRestrictions$$anon$4.$anonfun$submitValid$1(ConcurrentRestrictions.scala:265)
[error] sbt.CompletionService$$anon$2.call(CompletionService.scala:64)
[error] java.util.concurrent.FutureTask.run(FutureTask.java:266)
[error] java.util.concurrent.Executors$RunnableAdapter.call(Executors.java:511)
[error] java.util.concurrent.FutureTask.run(FutureTask.java:266)
[error] java.util.concurrent.ThreadPoolExecutor.runWorker(ThreadPoolExecutor.java:1149)
[error] java.util.concurrent.ThreadPoolExecutor$Worker.run(ThreadPoolExecutor.java:624)
[error] java.lang.Thread.run(Thread.java:750)
[error]            
[info] compiling 25 Scala sources and 1 Java source to /lstr/sahara/datalab-ml/z1974769/pdffigures2/target/scala-2.12/classes ...
[warn] one deprecation (since 2.12.0); re-run with -deprecation for details
[warn] one warning found
[warn] javac exited with exit code -1
[error] ## Exception when compiling 26 sources to /lstr/sahara/datalab-ml/z1974769/pdffigures2/target/scala-2.12/classes
[error] java.io.IOException: Cannot run program "javac" (in directory "/lstr/sahara/datalab-ml/z1974769/pdffigures2"): error=2, No such file or directory
[error] java.lang.ProcessBuilder.start(ProcessBuilder.java:1048)
[error] scala.sys.process.ProcessBuilderImpl$Simple.run(ProcessBuilderImpl.scala:75)
[error] scala.sys.process.ProcessBuilderImpl$AbstractBuilder.run(ProcessBuilderImpl.scala:106)
[error] scala.sys.process.ProcessBuilderImpl$AbstractBuilder.$anonfun$runBuffered$1(ProcessBuilderImpl.scala:154)
[error] scala.runtime.java8.JFunction0$mcI$sp.apply(JFunction0$mcI$sp.java:23)
[error] sbt.internal.inc.javac.JavacLogger.buffer(JavacProcessLogger.scala:49)
[error] scala.sys.process.ProcessBuilderImpl$AbstractBuilder.runBuffered(ProcessBuilderImpl.scala:154)
[error] scala.sys.process.ProcessBuilderImpl$AbstractBuilder.$bang(ProcessBuilderImpl.scala:120)
[error] sbt.internal.inc.javac.ForkedJava$.$anonfun$launch$3(ForkedJava.scala:55)
[error] sbt.internal.inc.javac.ForkedJava$.$anonfun$launch$3$adapted(ForkedJava.scala:48)
[error] sbt.internal.inc.javac.ForkedJava$.$anonfun$withArgumentFile$1(ForkedJava.scala:77)
[error] sbt.io.IO$.withTemporaryDirectory(IO.scala:490)
[error] sbt.io.IO$.withTemporaryDirectory(IO.scala:500)
[error] sbt.internal.inc.javac.ForkedJava$.withArgumentFile(ForkedJava.scala:74)
[error] sbt.internal.inc.javac.ForkedJava$.launch(ForkedJava.scala:48)
[error] sbt.internal.inc.javac.ForkedJavaCompiler.run(ForkedJava.scala:103)
[error] sbt.internal.inc.javac.AnalyzingJavaCompiler.$anonfun$compile$12(AnalyzingJavaCompiler.scala:172)
[error] scala.runtime.java8.JFunction0$mcV$sp.apply(JFunction0$mcV$sp.java:23)
[error] sbt.internal.inc.javac.AnalyzingJavaCompiler.timed(AnalyzingJavaCompiler.scala:262)
[error] sbt.internal.inc.javac.AnalyzingJavaCompiler.compile(AnalyzingJavaCompiler.scala:161)
[error] sbt.internal.inc.MixedAnalyzingCompiler.$anonfun$compileJava$2(MixedAnalyzingCompiler.scala:103)
[error] sbt.internal.inc.MixedAnalyzingCompiler.$anonfun$compileJava$2$adapted(MixedAnalyzingCompiler.scala:91)
[error] sbt.internal.inc.JarUtils$.withPreviousJar(JarUtils.scala:239)
[error] sbt.internal.inc.MixedAnalyzingCompiler.$anonfun$compileJava$1(MixedAnalyzingCompiler.scala:91)
[error] scala.runtime.java8.JFunction0$mcV$sp.apply(JFunction0$mcV$sp.java:23)
[error] sbt.internal.inc.MixedAnalyzingCompiler.timed(MixedAnalyzingCompiler.scala:248)
[error] sbt.internal.inc.MixedAnalyzingCompiler.compileJava(MixedAnalyzingCompiler.scala:61)
[error] sbt.internal.inc.MixedAnalyzingCompiler.compileJava0$1(MixedAnalyzingCompiler.scala:198)
[error] sbt.internal.inc.MixedAnalyzingCompiler.compile(MixedAnalyzingCompiler.scala:211)
[error] sbt.internal.inc.IncrementalCompilerImpl.$anonfun$compileInternal$1(IncrementalCompilerImpl.scala:534)
[error] sbt.internal.inc.IncrementalCompilerImpl.$anonfun$compileInternal$1$adapted(IncrementalCompilerImpl.scala:534)
[error] sbt.internal.inc.Incremental$.$anonfun$apply$5(Incremental.scala:179)
[error] sbt.internal.inc.Incremental$.$anonfun$apply$5$adapted(Incremental.scala:177)
[error] sbt.internal.inc.Incremental$$anon$2.run(Incremental.scala:463)
[error] sbt.internal.inc.IncrementalCommon$CycleState.next(IncrementalCommon.scala:116)
[error] sbt.internal.inc.IncrementalCommon$$anon$1.next(IncrementalCommon.scala:56)
[error] sbt.internal.inc.IncrementalCommon$$anon$1.next(IncrementalCommon.scala:52)
[error] sbt.internal.inc.IncrementalCommon.cycle(IncrementalCommon.scala:263)
[error] sbt.internal.inc.Incremental$.$anonfun$incrementalCompile$8(Incremental.scala:418)
[error] sbt.internal.inc.Incremental$.withClassfileManager(Incremental.scala:506)
[error] sbt.internal.inc.Incremental$.incrementalCompile(Incremental.scala:405)
[error] sbt.internal.inc.Incremental$.apply(Incremental.scala:171)
[error] sbt.internal.inc.IncrementalCompilerImpl.compileInternal(IncrementalCompilerImpl.scala:534)
[error] sbt.internal.inc.IncrementalCompilerImpl.$anonfun$compileIncrementally$1(IncrementalCompilerImpl.scala:488)
[error] sbt.internal.inc.IncrementalCompilerImpl.handleCompilationError(IncrementalCompilerImpl.scala:332)
[error] sbt.internal.inc.IncrementalCompilerImpl.compileIncrementally(IncrementalCompilerImpl.scala:425)
[error] sbt.internal.inc.IncrementalCompilerImpl.compile(IncrementalCompilerImpl.scala:137)
[error] sbt.Defaults$.compileIncrementalTaskImpl(Defaults.scala:2364)
[error] sbt.Defaults$.$anonfun$compileIncrementalTask$2(Defaults.scala:2314)
[error] sbt.internal.server.BspCompileTask$.$anonfun$compute$1(BspCompileTask.scala:30)
[error] sbt.internal.io.Retry$.apply(Retry.scala:46)
[error] sbt.internal.io.Retry$.apply(Retry.scala:28)
[error] sbt.internal.io.Retry$.apply(Retry.scala:23)
[error] sbt.internal.server.BspCompileTask$.compute(BspCompileTask.scala:30)
[error] sbt.Defaults$.$anonfun$compileIncrementalTask$1(Defaults.scala:2312)
[error] scala.Function1.$anonfun$compose$1(Function1.scala:49)
[error] sbt.internal.util.$tilde$greater.$anonfun$$u2219$1(TypeFunctions.scala:62)
[error] sbt.std.Transform$$anon$4.work(Transform.scala:68)
[error] sbt.Execute.$anonfun$submit$2(Execute.scala:282)
[error] sbt.internal.util.ErrorHandling$.wideConvert(ErrorHandling.scala:23)
[error] sbt.Execute.work(Execute.scala:291)
[error] sbt.Execute.$anonfun$submit$1(Execute.scala:282)
[error] sbt.ConcurrentRestrictions$$anon$4.$anonfun$submitValid$1(ConcurrentRestrictions.scala:265)
[error] sbt.CompletionService$$anon$2.call(CompletionService.scala:64)
[error] java.util.concurrent.FutureTask.run(FutureTask.java:266)
[error] java.util.concurrent.Executors$RunnableAdapter.call(Executors.java:511)
[error] java.util.concurrent.FutureTask.run(FutureTask.java:266)
[error] java.util.concurrent.ThreadPoolExecutor.runWorker(ThreadPoolExecutor.java:1149)
[error] java.util.concurrent.ThreadPoolExecutor$Worker.run(ThreadPoolExecutor.java:624)
[error] java.lang.Thread.run(Thread.java:750)
[error]            
[error] java.io.IOException: Cannot run program "javac" (in directory "/lstr/sahara/datalab-ml/z1974769/pdffigures2"): error=2, No such file or directory
[error] 	at java.lang.ProcessBuilder.start(ProcessBuilder.java:1048)
[error] 	at scala.sys.process.ProcessBuilderImpl$Simple.run(ProcessBuilderImpl.scala:75)
[error] 	at scala.sys.process.ProcessBuilderImpl$AbstractBuilder.run(ProcessBuilderImpl.scala:106)
[error] 	at scala.sys.process.ProcessBuilderImpl$AbstractBuilder.$anonfun$runBuffered$1(ProcessBuilderImpl.scala:154)
[error] 	at scala.runtime.java8.JFunction0$mcI$sp.apply(JFunction0$mcI$sp.java:23)
[error] 	at sbt.internal.inc.javac.JavacLogger.buffer(JavacProcessLogger.scala:49)
[error] 	at scala.sys.process.ProcessBuilderImpl$AbstractBuilder.runBuffered(ProcessBuilderImpl.scala:154)
[error] 	at scala.sys.process.ProcessBuilderImpl$AbstractBuilder.$bang(ProcessBuilderImpl.scala:120)
[error] 	at sbt.internal.inc.javac.ForkedJava$.$anonfun$launch$3(ForkedJava.scala:55)
[error] 	at sbt.internal.inc.javac.ForkedJava$.$anonfun$launch$3$adapted(ForkedJava.scala:48)
[error] 	at sbt.internal.inc.javac.ForkedJava$.$anonfun$withArgumentFile$1(ForkedJava.scala:77)
[error] 	at sbt.io.IO$.withTemporaryDirectory(IO.scala:490)
[error] 	at sbt.io.IO$.withTemporaryDirectory(IO.scala:500)
[error] 	at sbt.internal.inc.javac.ForkedJava$.withArgumentFile(ForkedJava.scala:74)
[error] 	at sbt.internal.inc.javac.ForkedJava$.launch(ForkedJava.scala:48)
[error] 	at sbt.internal.inc.javac.ForkedJavaCompiler.run(ForkedJava.scala:103)
[error] 	at sbt.internal.inc.javac.AnalyzingJavaCompiler.$anonfun$compile$12(AnalyzingJavaCompiler.scala:172)
[error] 	at scala.runtime.java8.JFunction0$mcV$sp.apply(JFunction0$mcV$sp.java:23)
[error] 	at sbt.internal.inc.javac.AnalyzingJavaCompiler.timed(AnalyzingJavaCompiler.scala:262)
[error] 	at sbt.internal.inc.javac.AnalyzingJavaCompiler.compile(AnalyzingJavaCompiler.scala:161)
[error] 	at sbt.internal.inc.MixedAnalyzingCompiler.$anonfun$compileJava$2(MixedAnalyzingCompiler.scala:103)
[error] 	at sbt.internal.inc.MixedAnalyzingCompiler.$anonfun$compileJava$2$adapted(MixedAnalyzingCompiler.scala:91)
[error] 	at sbt.internal.inc.JarUtils$.withPreviousJar(JarUtils.scala:239)
[error] 	at sbt.internal.inc.MixedAnalyzingCompiler.$anonfun$compileJava$1(MixedAnalyzingCompiler.scala:91)
[error] 	at scala.runtime.java8.JFunction0$mcV$sp.apply(JFunction0$mcV$sp.java:23)
[error] 	at sbt.internal.inc.MixedAnalyzingCompiler.timed(MixedAnalyzingCompiler.scala:248)
[error] 	at sbt.internal.inc.MixedAnalyzingCompiler.compileJava(MixedAnalyzingCompiler.scala:61)
[error] 	at sbt.internal.inc.MixedAnalyzingCompiler.compileJava0$1(MixedAnalyzingCompiler.scala:198)
[error] 	at sbt.internal.inc.MixedAnalyzingCompiler.compile(MixedAnalyzingCompiler.scala:211)
[error] 	at sbt.internal.inc.IncrementalCompilerImpl.$anonfun$compileInternal$1(IncrementalCompilerImpl.scala:534)
[error] 	at sbt.internal.inc.IncrementalCompilerImpl.$anonfun$compileInternal$1$adapted(IncrementalCompilerImpl.scala:534)
[error] 	at sbt.internal.inc.Incremental$.$anonfun$apply$5(Incremental.scala:179)
[error] 	at sbt.internal.inc.Incremental$.$anonfun$apply$5$adapted(Incremental.scala:177)
[error] 	at sbt.internal.inc.Incremental$$anon$2.run(Incremental.scala:463)
[error] 	at sbt.internal.inc.IncrementalCommon$CycleState.next(IncrementalCommon.scala:116)
[error] 	at sbt.internal.inc.IncrementalCommon$$anon$1.next(IncrementalCommon.scala:56)
[error] 	at sbt.internal.inc.IncrementalCommon$$anon$1.next(IncrementalCommon.scala:52)
[error] 	at sbt.internal.inc.IncrementalCommon.cycle(IncrementalCommon.scala:263)
[error] 	at sbt.internal.inc.Incremental$.$anonfun$incrementalCompile$8(Incremental.scala:418)
[error] 	at sbt.internal.inc.Incremental$.withClassfileManager(Incremental.scala:506)
[error] 	at sbt.internal.inc.Incremental$.incrementalCompile(Incremental.scala:405)
[error] 	at sbt.internal.inc.Incremental$.apply(Incremental.scala:171)
[error] 	at sbt.internal.inc.IncrementalCompilerImpl.compileInternal(IncrementalCompilerImpl.scala:534)
[error] 	at sbt.internal.inc.IncrementalCompilerImpl.$anonfun$compileIncrementally$1(IncrementalCompilerImpl.scala:488)
[error] 	at sbt.internal.inc.IncrementalCompilerImpl.handleCompilationError(IncrementalCompilerImpl.scala:332)
[error] 	at sbt.internal.inc.IncrementalCompilerImpl.compileIncrementally(IncrementalCompilerImpl.scala:425)
[error] 	at sbt.internal.inc.IncrementalCompilerImpl.compile(IncrementalCompilerImpl.scala:137)
[error] 	at sbt.Defaults$.compileIncrementalTaskImpl(Defaults.scala:2364)
[error] 	at sbt.Defaults$.$anonfun$compileIncrementalTask$2(Defaults.scala:2314)
[error] 	at sbt.internal.server.BspCompileTask$.$anonfun$compute$1(BspCompileTask.scala:30)
[error] 	at sbt.internal.io.Retry$.apply(Retry.scala:46)
[error] 	at sbt.internal.io.Retry$.apply(Retry.scala:28)
[error] 	at sbt.internal.io.Retry$.apply(Retry.scala:23)
[error] 	at sbt.internal.server.BspCompileTask$.compute(BspCompileTask.scala:30)
[error] 	at sbt.Defaults$.$anonfun$compileIncrementalTask$1(Defaults.scala:2312)
[error] 	at scala.Function1.$anonfun$compose$1(Function1.scala:49)
[error] 	at sbt.internal.util.$tilde$greater.$anonfun$$u2219$1(TypeFunctions.scala:62)
[error] 	at sbt.std.Transform$$anon$4.work(Transform.scala:68)
[error] 	at sbt.Execute.$anonfun$submit$2(Execute.scala:282)
[error] 	at sbt.internal.util.ErrorHandling$.wideConvert(ErrorHandling.scala:23)
[error] 	at sbt.Execute.work(Execute.scala:291)
[error] 	at sbt.Execute.$anonfun$submit$1(Execute.scala:282)
[error] 	at sbt.ConcurrentRestrictions$$anon$4.$anonfun$submitValid$1(ConcurrentRestrictions.scala:265)
[error] 	at sbt.CompletionService$$anon$2.call(CompletionService.scala:64)
[error] 	at java.util.concurrent.FutureTask.run(FutureTask.java:266)
[error] 	at java.util.concurrent.Executors$RunnableAdapter.call(Executors.java:511)
[error] 	at java.util.concurrent.FutureTask.run(FutureTask.java:266)
[error] 	at java.util.concurrent.ThreadPoolExecutor.runWorker(ThreadPoolExecutor.java:1149)
[error] 	at java.util.concurrent.ThreadPoolExecutor$Worker.run(ThreadPoolExecutor.java:624)
[error] 	at java.lang.Thread.run(Thread.java:750)
[error] Caused by: java.io.IOException: error=2, No such file or directory
[error] 	at java.lang.UNIXProcess.forkAndExec(Native Method)
[error] 	at java.lang.UNIXProcess.<init>(UNIXProcess.java:247)
[error] 	at java.lang.ProcessImpl.start(ProcessImpl.java:134)
[error] 	at java.lang.ProcessBuilder.start(ProcessBuilder.java:1029)
[error] 	at scala.sys.process.ProcessBuilderImpl$Simple.run(ProcessBuilderImpl.scala:75)
[error] 	at scala.sys.process.ProcessBuilderImpl$AbstractBuilder.run(ProcessBuilderImpl.scala:106)
[error] 	at scala.sys.process.ProcessBuilderImpl$AbstractBuilder.$anonfun$runBuffered$1(ProcessBuilderImpl.scala:154)
[error] 	at scala.runtime.java8.JFunction0$mcI$sp.apply(JFunction0$mcI$sp.java:23)
[error] 	at sbt.internal.inc.javac.JavacLogger.buffer(JavacProcessLogger.scala:49)
[error] 	at scala.sys.process.ProcessBuilderImpl$AbstractBuilder.runBuffered(ProcessBuilderImpl.scala:154)
[error] 	at scala.sys.process.ProcessBuilderImpl$AbstractBuilder.$bang(ProcessBuilderImpl.scala:120)
[error] 	at sbt.internal.inc.javac.ForkedJava$.$anonfun$launch$3(ForkedJava.scala:55)
[error] 	at sbt.internal.inc.javac.ForkedJava$.$anonfun$launch$3$adapted(ForkedJava.scala:48)
[error] 	at sbt.internal.inc.javac.ForkedJava$.$anonfun$withArgumentFile$1(ForkedJava.scala:77)
[error] 	at sbt.io.IO$.withTemporaryDirectory(IO.scala:490)
[error] 	at sbt.io.IO$.withTemporaryDirectory(IO.scala:500)
[error] 	at sbt.internal.inc.javac.ForkedJava$.withArgumentFile(ForkedJava.scala:74)
[error] 	at sbt.internal.inc.javac.ForkedJava$.launch(ForkedJava.scala:48)
[error] 	at sbt.internal.inc.javac.ForkedJavaCompiler.run(ForkedJava.scala:103)
[error] 	at sbt.internal.inc.javac.AnalyzingJavaCompiler.$anonfun$compile$12(AnalyzingJavaCompiler.scala:172)
[error] 	at scala.runtime.java8.JFunction0$mcV$sp.apply(JFunction0$mcV$sp.java:23)
[error] 	at sbt.internal.inc.javac.AnalyzingJavaCompiler.timed(AnalyzingJavaCompiler.scala:262)
[error] 	at sbt.internal.inc.javac.AnalyzingJavaCompiler.compile(AnalyzingJavaCompiler.scala:161)
[error] 	at sbt.internal.inc.MixedAnalyzingCompiler.$anonfun$compileJava$2(MixedAnalyzingCompiler.scala:103)
[error] 	at sbt.internal.inc.MixedAnalyzingCompiler.$anonfun$compileJava$2$adapted(MixedAnalyzingCompiler.scala:91)
[error] 	at sbt.internal.inc.JarUtils$.withPreviousJar(JarUtils.scala:239)
[error] 	at sbt.internal.inc.MixedAnalyzingCompiler.$anonfun$compileJava$1(MixedAnalyzingCompiler.scala:91)
[error] 	at scala.runtime.java8.JFunction0$mcV$sp.apply(JFunction0$mcV$sp.java:23)
[error] 	at sbt.internal.inc.MixedAnalyzingCompiler.timed(MixedAnalyzingCompiler.scala:248)
[error] 	at sbt.internal.inc.MixedAnalyzingCompiler.compileJava(MixedAnalyzingCompiler.scala:61)
[error] 	at sbt.internal.inc.MixedAnalyzingCompiler.compileJava0$1(MixedAnalyzingCompiler.scala:198)
[error] 	at sbt.internal.inc.MixedAnalyzingCompiler.compile(MixedAnalyzingCompiler.scala:211)
[error] 	at sbt.internal.inc.IncrementalCompilerImpl.$anonfun$compileInternal$1(IncrementalCompilerImpl.scala:534)
[error] 	at sbt.internal.inc.IncrementalCompilerImpl.$anonfun$compileInternal$1$adapted(IncrementalCompilerImpl.scala:534)
[error] 	at sbt.internal.inc.Incremental$.$anonfun$apply$5(Incremental.scala:179)
[error] 	at sbt.internal.inc.Incremental$.$anonfun$apply$5$adapted(Incremental.scala:177)
[error] 	at sbt.internal.inc.Incremental$$anon$2.run(Incremental.scala:463)
[error] 	at sbt.internal.inc.IncrementalCommon$CycleState.next(IncrementalCommon.scala:116)
[error] 	at sbt.internal.inc.IncrementalCommon$$anon$1.next(IncrementalCommon.scala:56)
[error] 	at sbt.internal.inc.IncrementalCommon$$anon$1.next(IncrementalCommon.scala:52)
[error] 	at sbt.internal.inc.IncrementalCommon.cycle(IncrementalCommon.scala:263)
[error] 	at sbt.internal.inc.Incremental$.$anonfun$incrementalCompile$8(Incremental.scala:418)
[error] 	at sbt.internal.inc.Incremental$.withClassfileManager(Incremental.scala:506)
[error] 	at sbt.internal.inc.Incremental$.incrementalCompile(Incremental.scala:405)
[error] 	at sbt.internal.inc.Incremental$.apply(Incremental.scala:171)
[error] 	at sbt.internal.inc.IncrementalCompilerImpl.compileInternal(IncrementalCompilerImpl.scala:534)
[error] 	at sbt.internal.inc.IncrementalCompilerImpl.$anonfun$compileIncrementally$1(IncrementalCompilerImpl.scala:488)
[error] 	at sbt.internal.inc.IncrementalCompilerImpl.handleCompilationError(IncrementalCompilerImpl.scala:332)
[error] 	at sbt.internal.inc.IncrementalCompilerImpl.compileIncrementally(IncrementalCompilerImpl.scala:425)
[error] 	at sbt.internal.inc.IncrementalCompilerImpl.compile(IncrementalCompilerImpl.scala:137)
[error] 	at sbt.Defaults$.compileIncrementalTaskImpl(Defaults.scala:2364)
[error] 	at sbt.Defaults$.$anonfun$compileIncrementalTask$2(Defaults.scala:2314)
[error] 	at sbt.internal.server.BspCompileTask$.$anonfun$compute$1(BspCompileTask.scala:30)
[error] 	at sbt.internal.io.Retry$.apply(Retry.scala:46)
[error] 	at sbt.internal.io.Retry$.apply(Retry.scala:28)
[error] 	at sbt.internal.io.Retry$.apply(Retry.scala:23)
[error] 	at sbt.internal.server.BspCompileTask$.compute(BspCompileTask.scala:30)
[error] 	at sbt.Defaults$.$anonfun$compileIncrementalTask$1(Defaults.scala:2312)
[error] 	at scala.Function1.$anonfun$compose$1(Function1.scala:49)
[error] 	at sbt.internal.util.$tilde$greater.$anonfun$$u2219$1(TypeFunctions.scala:62)
[error] 	at sbt.std.Transform$$anon$4.work(Transform.scala:68)
[error] 	at sbt.Execute.$anonfun$submit$2(Execute.scala:282)
[error] 	at sbt.internal.util.ErrorHandling$.wideConvert(ErrorHandling.scala:23)
[error] 	at sbt.Execute.work(Execute.scala:291)
[error] 	at sbt.Execute.$anonfun$submit$1(Execute.scala:282)
[error] 	at sbt.ConcurrentRestrictions$$anon$4.$anonfun$submitValid$1(ConcurrentRestrictions.scala:265)
[error] 	at sbt.CompletionService$$anon$2.call(CompletionService.scala:64)
[error] 	at java.util.concurrent.FutureTask.run(FutureTask.java:266)
[error] 	at java.util.concurrent.Executors$RunnableAdapter.call(Executors.java:511)
[error] 	at java.util.concurrent.FutureTask.run(FutureTask.java:266)
[error] 	at java.util.concurrent.ThreadPoolExecutor.runWorker(ThreadPoolExecutor.java:1149)
[error] 	at java.util.concurrent.ThreadPoolExecutor$Worker.run(ThreadPoolExecutor.java:624)
[error] 	at java.lang.Thread.run(Thread.java:750)
[error] (Compile / compileIncremental) java.io.IOException: Cannot run program "javac" (in directory "/lstr/sahara/datalab-ml/z1974769/pdffigures2"): error=2, No such file or directory
[error] Total time: 28 s, completed Apr 15, 2024 10:03:49 PM
Error occurred during processing. Check logs for details.
Figure extraction completed.
